<?xml version="1.0" encoding="UTF-8"?>
<!-- Generated by org.testng.reporters.JUnitReportReporter -->
<testsuite skipped="0" hostname="LAPTOP-PP7LTPN0" name="com.webappsecurity.zero.TestScripts.VerifyFundTrasferTest" tests="1" failures="0" timestamp="15 Dec 2020 15:04:03 GMT" time="56.799" errors="0">
  <testcase name="verifyFundTransfer" time="56.799" classname="com.webappsecurity.zero.TestScripts.VerifyFundTrasferTest"/>
</testsuite> <!-- com.webappsecurity.zero.TestScripts.VerifyFundTrasferTest -->
